Determining if the pthread_create exist failed with the following output:
Change Dir: /home/niccolo/CLionProjects/Uni_INI/cmake-build-debug/CMakeFiles/CMakeTmp

Run Build Command:"/usr/bin/make" "cmTC_5e165/fast"
/usr/bin/make -f CMakeFiles/cmTC_5e165.dir/build.make CMakeFiles/cmTC_5e165.dir/build
make[1]: ingresso nella directory "/home/niccolo/CLionProjects/Uni_INI/cmake-build-debug/CMakeFiles/CMakeTmp"
Building C object CMakeFiles/cmTC_5e165.dir/CheckSymbolExists.c.o
/usr/bin/gcc    -o CMakeFiles/cmTC_5e165.dir/CheckSymbolExists.c.o   -c /home/niccolo/CLionProjects/Uni_INI/cmake-build-debug/CMakeFiles/CMakeTmp/CheckSymbolExists.c
Linking C executable cmTC_5e165
/home/niccolo/Scaricati/clion-2018.1.2/bin/cmake/bin/cmake -E cmake_link_script CMakeFiles/cmTC_5e165.dir/link.txt --verbose=1
/usr/bin/gcc      CMakeFiles/cmTC_5e165.dir/CheckSymbolExists.c.o  -o cmTC_5e165 
CMakeFiles/cmTC_5e165.dir/CheckSymbolExists.c.o: nella funzione "main":
CheckSymbolExists.c:(.text+0x1b): riferimento non definito a "pthread_create"
collect2: error: ld returned 1 exit status
CMakeFiles/cmTC_5e165.dir/build.make:97: recipe for target 'cmTC_5e165' failed
make[1]: *** [cmTC_5e165] Error 1
make[1]: uscita dalla directory "/home/niccolo/CLionProjects/Uni_INI/cmake-build-debug/CMakeFiles/CMakeTmp"
Makefile:126: recipe for target 'cmTC_5e165/fast' failed
make: *** [cmTC_5e165/fast] Error 2

File /home/niccolo/CLionProjects/Uni_INI/cmake-build-debug/CMakeFiles/CMakeTmp/CheckSymbolExists.c:
/* */
#include <pthread.h>

int main(int argc, char** argv)
{
  (void)argv;
#ifndef pthread_create
  return ((int*)(&pthread_create))[argc];
#else
  (void)argc;
  return 0;
#endif
}

Determining if the function pthread_create exists in the pthreads failed with the following output:
Change Dir: /home/niccolo/CLionProjects/Uni_INI/cmake-build-debug/CMakeFiles/CMakeTmp

Run Build Command:"/usr/bin/make" "cmTC_d28eb/fast"
/usr/bin/make -f CMakeFiles/cmTC_d28eb.dir/build.make CMakeFiles/cmTC_d28eb.dir/build
make[1]: ingresso nella directory "/home/niccolo/CLionProjects/Uni_INI/cmake-build-debug/CMakeFiles/CMakeTmp"
Building C object CMakeFiles/cmTC_d28eb.dir/CheckFunctionExists.c.o
/usr/bin/gcc   -DCHECK_FUNCTION_EXISTS=pthread_create   -o CMakeFiles/cmTC_d28eb.dir/CheckFunctionExists.c.o   -c /home/niccolo/Scaricati/clion-2018.1.2/bin/cmake/share/cmake-3.10/Modules/CheckFunctionExists.c
Linking C executable cmTC_d28eb
/home/niccolo/Scaricati/clion-2018.1.2/bin/cmake/bin/cmake -E cmake_link_script CMakeFiles/cmTC_d28eb.dir/link.txt --verbose=1
/usr/bin/gcc  -DCHECK_FUNCTION_EXISTS=pthread_create    CMakeFiles/cmTC_d28eb.dir/CheckFunctionExists.c.o  -o cmTC_d28eb -lpthreads 
/usr/bin/x86_64-linux-gnu-ld: impossibile trovare -lpthreads
collect2: error: ld returned 1 exit status
CMakeFiles/cmTC_d28eb.dir/build.make:97: recipe for target 'cmTC_d28eb' failed
make[1]: *** [cmTC_d28eb] Error 1
make[1]: uscita dalla directory "/home/niccolo/CLionProjects/Uni_INI/cmake-build-debug/CMakeFiles/CMakeTmp"
Makefile:126: recipe for target 'cmTC_d28eb/fast' failed
make: *** [cmTC_d28eb/fast] Error 2


